# JRE version: Java(TM) SE Runtime Environment (20.0.2+9) (build 20.0.2+9-78)
# Java VM: Java HotSpot(TM) 64-Bit Server VM (20.0.2+9-78, mixed mode, sharing, tiered, compressed oops, compressed class ptrs, g1 gc, windows-amd64)
GC Precious Log:
 CardTable entry size: 512
 Card Set container configuration: InlinePtr #cards 4 size 8 Array Of Cards #cards 32 size 80 Howl #buckets 8 coarsen threshold 7372 Howl Bitmap #cards 1024 size 144 coarsen threshold 921 Card regions per heap region 1 cards per card region 8192
 CPUs: 8 total, 8 available
 Memory: 20220M
 Large Page Support: Disabled
 NUMA Support: Disabled
 Compressed Oops: Enabled (Zero based)
 Heap Region Size: 4M
 Heap Min Capacity: 8M
 Heap Initial Capacity: 316M
 Heap Max Capacity: 5056M
 Pre-touch: Disabled
 Parallel Workers: 8
 Concurrent Workers: 2
 Concurrent Refinement Workers: 8
 Periodic GC: Disabled
Heap:
 garbage-first heap   total 827392K, used 177844K [0x00000006c4000000, 0x0000000800000000)
  region size 4096K, 8 young (32768K), 3 survivors (12288K)
 Metaspace       used 5335K, committed 5568K, reserved 1114112K
  class space    used 409K, committed 512K, reserved 1048576K
GC Heap History (16 events):
Event: 0.608 GC heap before
{Heap before GC invocations=0 (full 0):
 garbage-first heap   total 323584K, used 16384K [0x00000006c4000000, 0x0000000800000000)
  region size 4096K, 5 young (20480K), 0 survivors (0K)
 Metaspace       used 3016K, committed 3136K, reserved 1114112K
  class space    used 284K, committed 320K, reserved 1048576K
}
Event: 0.616 GC heap after
{Heap after GC invocations=1 (full 0):
 garbage-first heap   total 323584K, used 13970K [0x00000006c4000000, 0x0000000800000000)
  region size 4096K, 1 young (4096K), 1 survivors (4096K)
 Metaspace       used 3016K, committed 3136K, reserved 1114112K
  class space    used 284K, committed 320K, reserved 1048576K
}
Event: 0.620 GC heap before
{Heap before GC invocations=1 (full 0):
 garbage-first heap   total 323584K, used 22162K [0x00000006c4000000, 0x0000000800000000)
  region size 4096K, 3 young (12288K), 1 survivors (4096K)
 Metaspace       used 3017K, committed 3136K, reserved 1114112K
  class space    used 284K, committed 320K, reserved 1048576K
}
Event: 0.626 GC heap after
{Heap after GC invocations=2 (full 0):
 garbage-first heap   total 323584K, used 22652K [0x00000006c4000000, 0x0000000800000000)
  region size 4096K, 1 young (4096K), 1 survivors (4096K)
 Metaspace       used 3017K, committed 3136K, reserved 1114112K
  class space    used 284K, committed 320K, reserved 1048576K
}
Event: 0.722 GC heap before
{Heap before GC invocations=2 (full 0):
 garbage-first heap   total 323584K, used 39036K [0x00000006c4000000, 0x0000000800000000)
  region size 4096K, 5 young (20480K), 1 survivors (4096K)
 Metaspace       used 3411K, committed 3584K, reserved 1114112K
  class space    used 310K, committed 384K, reserved 1048576K
}
Event: 0.731 GC heap after
{Heap after GC invocations=3 (full 0):
 garbage-first heap   total 323584K, used 38308K [0x00000006c4000000, 0x0000000800000000)
  region size 4096K, 1 young (4096K), 1 survivors (4096K)
 Metaspace       used 3411K, committed 3584K, reserved 1114112K
  class space    used 310K, committed 384K, reserved 1048576K
}
Event: 0.783 GC heap before
{Heap before GC invocations=3 (full 0):
 garbage-first heap   total 323584K, used 58788K [0x00000006c4000000, 0x0000000800000000)
  region size 4096K, 6 young (24576K), 1 survivors (4096K)
 Metaspace       used 3421K, committed 3584K, reserved 1114112K
  class space    used 310K, committed 384K, reserved 1048576K
}
Event: 0.795 GC heap after
{Heap after GC invocations=4 (full 0):
 garbage-first heap   total 323584K, used 56351K [0x00000006c4000000, 0x0000000800000000)
  region size 4096K, 1 young (4096K), 1 survivors (4096K)
 Metaspace       used 3421K, committed 3584K, reserved 1114112K
  class space    used 310K, committed 384K, reserved 1048576K
}
Event: 0.876 GC heap before
{Heap before GC invocations=4 (full 0):
 garbage-first heap   total 323584K, used 85023K [0x00000006c4000000, 0x0000000800000000)
  region size 4096K, 9 young (36864K), 1 survivors (4096K)
 Metaspace       used 3421K, committed 3584K, reserved 1114112K
  class space    used 310K, committed 384K, reserved 1048576K
}
Event: 0.902 GC heap after
{Heap after GC invocations=5 (full 0):
 garbage-first heap   total 827392K, used 84584K [0x00000006c4000000, 0x0000000800000000)
  region size 4096K, 2 young (8192K), 2 survivors (8192K)
 Metaspace       used 3421K, committed 3584K, reserved 1114112K
  class space    used 310K, committed 384K, reserved 1048576K
}
Event: 0.971 GC heap before
{Heap before GC invocations=5 (full 0):
 garbage-first heap   total 827392K, used 125544K [0x00000006c4000000, 0x0000000800000000)
  region size 4096K, 12 young (49152K), 2 survivors (8192K)
 Metaspace       used 3421K, committed 3584K, reserved 1114112K
  class space    used 310K, committed 384K, reserved 1048576K
}
Event: 1.000 GC heap after
{Heap after GC invocations=6 (full 0):
 garbage-first heap   total 827392K, used 122880K [0x00000006c4000000, 0x0000000800000000)
  region size 4096K, 2 young (8192K), 2 survivors (8192K)
 Metaspace       used 3421K, committed 3584K, reserved 1114112K
  class space    used 310K, committed 384K, reserved 1048576K
}
Event: 1.608 GC heap before
{Heap before GC invocations=6 (full 0):
 garbage-first heap   total 827392K, used 172032K [0x00000006c4000000, 0x0000000800000000)
  region size 4096K, 14 young (57344K), 2 survivors (8192K)
 Metaspace       used 4057K, committed 4160K, reserved 1114112K
  class space    used 356K, committed 384K, reserved 1048576K
}
Event: 1.618 GC heap after
{Heap after GC invocations=7 (full 0):
 garbage-first heap   total 827392K, used 137392K [0x00000006c4000000, 0x0000000800000000)
  region size 4096K, 2 young (8192K), 2 survivors (8192K)
 Metaspace       used 4057K, committed 4160K, reserved 1114112K
  class space    used 356K, committed 384K, reserved 1048576K
}
Event: 1.948 GC heap before
{Heap before GC invocations=7 (full 0):
 garbage-first heap   total 827392K, used 211120K [0x00000006c4000000, 0x0000000800000000)
  region size 4096K, 20 young (81920K), 2 survivors (8192K)
 Metaspace       used 4147K, committed 4352K, reserved 1114112K
  class space    used 363K, committed 448K, reserved 1048576K
}
Event: 1.956 GC heap after
{Heap after GC invocations=8 (full 0):
 garbage-first heap   total 827392K, used 149172K [0x00000006c4000000, 0x0000000800000000)
  region size 4096K, 3 young (12288K), 3 survivors (12288K)
 Metaspace       used 4147K, committed 4352K, reserved 1114112K
  class space    used 363K, committed 448K, reserved 1048576K
}

